==========================================
作业配置: 1 个Reducer
输入路径: /input/wordcount_1m.txt
输出路径: hdfs://localhost:9000/output/run_1
执行时间: 3510 ms
==========================================
==========================================
作业配置: 2 个Reducer
输入路径: /input/wordcount_1m.txt
输出路径: hdfs://localhost:9000/output/run_2
执行时间: 1616 ms
==========================================
==========================================
作业配置: 4 个Reducer
输入路径: /input/wordcount_1m.txt
输出路径: hdfs://localhost:9000/output/run_4
执行时间: 1496 ms
==========================================
==========================================
作业配置: 8 个Reducer
输入路径: /input/wordcount_1m.txt
输出路径: hdfs://localhost:9000/output/run_8
执行时间: 2538 ms
==========================================
