=== OpenMP Parallel QuickSort Benchmark ===
CPU: i9-12900H (14C / 20T)
Cutoff Threshold: 2000
-------------------------------------------
DataSize    1T(ms)      2T(ms)      4T(ms)      8T(ms)      12T(ms)     16T(ms)     20T(ms)
1000        0.046       0.126       0.179       0.279       0.297       0.237       0.359
5000        0.198       0.249       0.254       0.329       0.517       0.305       0.311
10000       0.401       0.371       0.427       0.336       0.348       0.593       0.392
100000      5.732       3.847       2.978       2.425       1.773       2.023       1.883
1000000     62.659      40.168      22.748      14.363      12.174      11.618      10.598
10000000    622.333     538.870     347.641     170.758     147.022     124.998     120.559
100000000   6588.179    4180.481    2639.262    2030.490    1476.903    1326.939    1151.735

Benchmark Finished.




=== OpenMP Parallel QuickSort Benchmark ===
CPU: i9-12900H (14C / 20T)
Cutoff Threshold: 2000
-------------------------------------------
DataSize    1T(ms)      2T(ms)      4T(ms)      8T(ms)      12T(ms)     16T(ms)     20T(ms)
1000        0.048       0.132       0.164       0.174       0.194       0.193       0.170
5000        0.196       0.297       0.229       0.313       0.436       0.354       0.326
10000       0.392       0.454       0.257       0.284       0.286       0.280       0.470
100000      5.127       3.071       2.608       2.248       1.683       1.955       1.706       
1000000     54.683      35.307      22.997      15.627      11.539      11.661      11.760
10000000    609.012     523.048     337.982     188.577     144.245     121.585     123.012
100000000   6540.570    4197.015    2622.038    1924.142    1441.110    1257.265    1158.065

Benchmark Finished.